<?xml version="1.0" encoding="UTF-8"?>
<testng-results ignored="0" total="1" passed="1" failed="0" skipped="0">
  <reporter-output>
  </reporter-output>
  <suite started-at="2023-06-30T23:17:52 IST" name="Default suite" finished-at="2023-06-30T23:18:29 IST" duration-ms="36354">
    <groups>
    </groups>
    <test started-at="2023-06-30T23:17:52 IST" name="Default test" finished-at="2023-06-30T23:18:29 IST" duration-ms="36354">
      <class name="mpack.Projectno1">
        <test-method signature="amazonsample()[pri:0, instance:mpack.Projectno1@158d2680]" started-at="2023-06-30T23:17:52 IST" name="amazonsample" finished-at="2023-06-30T23:18:29 IST" duration-ms="36280" status="PASS">
          <reporter-output>
          </reporter-output>
        </test-method> <!-- amazonsample -->
      </class> <!-- mpack.Projectno1 -->
    </test> <!-- Default test -->
  </suite> <!-- Default suite -->
</testng-results>
